  [1m[35m (2369.2ms)[0m  [1m[35mCREATE DATABASE "stripetest_development" ENCODING = 'unicode'[0m
  ↳ bin/rails:9
  [1m[35m (606.9ms)[0m  [1m[35mCREATE DATABASE "stripetest_test" ENCODING = 'unicode'[0m
  ↳ bin/rails:9
Started GET "/" for ::1 at 2019-03-25 17:55:09 -0400
  
ActiveRecord::PendingMigrationError (

Migrations are pending. To resolve this issue, run:

        bin/rails db:migrate RAILS_ENV=development

):
  
activerecord (5.2.2.1) lib/active_record/migration.rb:579:in `check_pending!'
activerecord (5.2.2.1) lib/active_record/migration.rb:556:in `call'
actionpack (5.2.2.1) lib/action_dispatch/middleware/callbacks.rb:28:in `block in call'
activesupport (5.2.2.1) lib/active_support/callbacks.rb:98:in `run_callbacks'
actionpack (5.2.2.1) lib/action_dispatch/middleware/callbacks.rb:26:in `call'
actionpack (5.2.2.1) lib/action_dispatch/middleware/executor.rb:14:in `call'
actionpack (5.2.2.1) lib/action_dispatch/middleware/debug_exceptions.rb:61:in `call'
web-console (3.7.0) lib/web_console/middleware.rb:135:in `call_app'
web-console (3.7.0) lib/web_console/middleware.rb:30:in `block in call'
web-console (3.7.0) lib/web_console/middleware.rb:20:in `catch'
web-console (3.7.0) lib/web_console/middleware.rb:20:in `call'
actionpack (5.2.2.1) lib/action_dispatch/middleware/show_exceptions.rb:33:in `call'
railties (5.2.2.1) lib/rails/rack/logger.rb:38:in `call_app'
railties (5.2.2.1) lib/rails/rack/logger.rb:26:in `block in call'
activesupport (5.2.2.1) lib/active_support/tagged_logging.rb:71:in `block in tagged'
activesupport (5.2.2.1) lib/active_support/tagged_logging.rb:28:in `tagged'
activesupport (5.2.2.1) lib/active_support/tagged_logging.rb:71:in `tagged'
railties (5.2.2.1) lib/rails/rack/logger.rb:26:in `call'
sprockets-rails (3.2.1) lib/sprockets/rails/quiet_assets.rb:13:in `call'
actionpack (5.2.2.1) lib/action_dispatch/middleware/remote_ip.rb:81:in `call'
actionpack (5.2.2.1) lib/action_dispatch/middleware/request_id.rb:27:in `call'
rack (2.0.6) lib/rack/method_override.rb:22:in `call'
rack (2.0.6) lib/rack/runtime.rb:22:in `call'
activesupport (5.2.2.1) lib/active_support/cache/strategy/local_cache_middleware.rb:29:in `call'
actionpack (5.2.2.1) lib/action_dispatch/middleware/executor.rb:14:in `call'
actionpack (5.2.2.1) lib/action_dispatch/middleware/static.rb:127:in `call'
rack (2.0.6) lib/rack/sendfile.rb:111:in `call'
railties (5.2.2.1) lib/rails/engine.rb:524:in `call'
puma (3.12.1) lib/puma/configuration.rb:227:in `call'
puma (3.12.1) lib/puma/server.rb:660:in `handle_request'
puma (3.12.1) lib/puma/server.rb:474:in `process_client'
puma (3.12.1) lib/puma/server.rb:334:in `block in run'
puma (3.12.1) lib/puma/thread_pool.rb:135:in `block in spawn_thread'
  [1m[35m (496.2ms)[0m  [1m[35mCREATE TABLE "schema_migrations" ("version" character varying NOT NULL PRIMARY KEY)[0m
  ↳ bin/rails:9
  [1m[35m (98.7ms)[0m  [1m[35mCREATE TABLE "ar_internal_metadata" ("key" character varying NOT NULL PRIMARY KEY, "value" character varying, "created_at" timestamp NOT NULL, "updated_at" timestamp NOT NULL)[0m
  ↳ bin/rails:9
  [1m[35m (33.9ms)[0m  [1m[34mSELECT pg_try_advisory_lock(7086261101010128625)[0m
  ↳ bin/rails:9
  [1m[35m (7.6ms)[0m  [1m[34mSELECT "schema_migrations"."version" FROM "schema_migrations" ORDER BY "schema_migrations"."version" ASC[0m
  ↳ bin/rails:9
Migrating to CreatePlans (20190325211721)
  [1m[35m (0.2ms)[0m  [1m[35mBEGIN[0m
  ↳ bin/rails:9
  [1m[35m (0.3ms)[0m  [1m[31mROLLBACK[0m
  ↳ bin/rails:9
  [1m[35m (0.3ms)[0m  [1m[34mSELECT pg_advisory_unlock(7086261101010128625)[0m
  ↳ bin/rails:9
  [1m[35m (0.2ms)[0m  [1m[34mSELECT pg_try_advisory_lock(7086261101010128625)[0m
  ↳ bin/rails:9
  [1m[35m (0.5ms)[0m  [1m[34mSELECT "schema_migrations"."version" FROM "schema_migrations" ORDER BY "schema_migrations"."version" ASC[0m
  ↳ bin/rails:9
Migrating to CreatePlans (20190325211721)
  [1m[35m (0.2ms)[0m  [1m[35mBEGIN[0m
  ↳ bin/rails:9
  [1m[35m (163.3ms)[0m  [1m[35mCREATE TABLE "plans" ("id" bigserial primary key, "payment_gateway_plan_identifier" character varying, "name" character varying, "price_cents" integer DEFAULT 0 NOT NULL, "price_currency" character varying DEFAULT 'USD' NOT NULL, "interval" integer, "interval_count" integer, "status" integer, "description" text, "created_at" timestamp NOT NULL, "updated_at" timestamp NOT NULL)[0m
  ↳ db/migrate/20190325211721_create_plans.rb:3
  [1m[36mActiveRecord::SchemaMigration Create (26.8ms)[0m  [1m[32mINSERT INTO "schema_migrations" ("version") VALUES ($1) RETURNING "version"[0m  [["version", "20190325211721"]]
  ↳ bin/rails:9
  [1m[35m (15.1ms)[0m  [1m[35mCOMMIT[0m
  ↳ bin/rails:9
  [1m[36mActiveRecord::InternalMetadata Load (6.6ms)[0m  [1m[34mSELECT  "ar_internal_metadata".* FROM "ar_internal_metadata" WHERE "ar_internal_metadata"."key" = $1 LIMIT $2[0m  [["key", "environment"], ["LIMIT", 1]]
  ↳ bin/rails:9
  [1m[35m (0.2ms)[0m  [1m[35mBEGIN[0m
  ↳ bin/rails:9
  [1m[36mActiveRecord::InternalMetadata Create (0.4ms)[0m  [1m[32mINSERT INTO "ar_internal_metadata" ("key", "value", "created_at", "updated_at") VALUES ($1, $2, $3, $4) RETURNING "key"[0m  [["key", "environment"], ["value", "development"], ["created_at", "2019-03-25 21:57:20.110725"], ["updated_at", "2019-03-25 21:57:20.110725"]]
  ↳ bin/rails:9
  [1m[35m (0.4ms)[0m  [1m[35mCOMMIT[0m
  ↳ bin/rails:9
  [1m[35m (0.2ms)[0m  [1m[34mSELECT pg_advisory_unlock(7086261101010128625)[0m
  ↳ bin/rails:9
  [1m[35m (0.2ms)[0m  [1m[34mSELECT "schema_migrations"."version" FROM "schema_migrations" ORDER BY "schema_migrations"."version" ASC[0m
  ↳ bin/rails:9
Started GET "/" for ::1 at 2019-03-25 17:57:31 -0400
  [1m[35m (0.6ms)[0m  [1m[34mSELECT "schema_migrations"."version" FROM "schema_migrations" ORDER BY "schema_migrations"."version" ASC[0m
  ↳ /Users/webdevstarjus730/.rvm/rubies/ruby-2.5.0/lib/ruby/gems/2.5.0/gems/sprockets-rails-3.2.1/lib/sprockets/rails/quiet_assets.rb:13
Processing by StaticPagesController#home as HTML
  Rendering static_pages/home.html.erb within layouts/application
  Rendered static_pages/home.html.erb within layouts/application (1.3ms)
Completed 200 OK in 3439ms (Views: 3424.7ms | ActiveRecord: 0.0ms)


Started GET "/" for ::1 at 2019-03-25 18:29:49 -0400
Processing by StaticPagesController#home as HTML
  Rendering static_pages/home.html.erb within layouts/application
  Rendered static_pages/home.html.erb within layouts/application (0.9ms)
Completed 200 OK in 114ms (Views: 83.9ms | ActiveRecord: 0.0ms)


  [1m[35m (0.2ms)[0m  [1m[34mSELECT pg_try_advisory_lock(7086261101010128625)[0m
  ↳ bin/rails:9
  [1m[35m (1.0ms)[0m  [1m[34mSELECT "schema_migrations"."version" FROM "schema_migrations" ORDER BY "schema_migrations"."version" ASC[0m
  ↳ bin/rails:9
Migrating to DeviseCreateUsers (20190325223007)
  [1m[35m (0.2ms)[0m  [1m[35mBEGIN[0m
  ↳ bin/rails:9
  [1m[35m (111.3ms)[0m  [1m[35mCREATE TABLE "users" ("id" bigserial primary key, "email" character varying DEFAULT '' NOT NULL, "encrypted_password" character varying DEFAULT '' NOT NULL, "reset_password_token" character varying, "reset_password_sent_at" timestamp, "remember_created_at" timestamp, "sign_in_count" integer DEFAULT 0 NOT NULL, "current_sign_in_at" timestamp, "last_sign_in_at" timestamp, "current_sign_in_ip" inet, "last_sign_in_ip" inet, "confirmation_token" character varying, "confirmed_at" timestamp, "confirmation_sent_at" timestamp, "unconfirmed_email" character varying, "failed_attempts" integer DEFAULT 0 NOT NULL, "unlock_token" character varying, "locked_at" timestamp, "created_at" timestamp NOT NULL, "updated_at" timestamp NOT NULL)[0m
  ↳ db/migrate/20190325223007_devise_create_users.rb:5
  [1m[35m (1.1ms)[0m  [1m[35mCREATE UNIQUE INDEX  "index_users_on_email" ON "users"  ("email")[0m
  ↳ db/migrate/20190325223007_devise_create_users.rb:39
  [1m[35m (10.8ms)[0m  [1m[35mCREATE UNIQUE INDEX  "index_users_on_reset_password_token" ON "users"  ("reset_password_token")[0m
  ↳ db/migrate/20190325223007_devise_create_users.rb:40
  [1m[35m (0.9ms)[0m  [1m[35mCREATE UNIQUE INDEX  "index_users_on_confirmation_token" ON "users"  ("confirmation_token")[0m
  ↳ db/migrate/20190325223007_devise_create_users.rb:41
  [1m[35m (1.6ms)[0m  [1m[35mCREATE UNIQUE INDEX  "index_users_on_unlock_token" ON "users"  ("unlock_token")[0m
  ↳ db/migrate/20190325223007_devise_create_users.rb:42
  [1m[36mActiveRecord::SchemaMigration Create (0.4ms)[0m  [1m[32mINSERT INTO "schema_migrations" ("version") VALUES ($1) RETURNING "version"[0m  [["version", "20190325223007"]]
  ↳ bin/rails:9
  [1m[35m (40.1ms)[0m  [1m[35mCOMMIT[0m
  ↳ bin/rails:9
  [1m[36mActiveRecord::InternalMetadata Load (0.3ms)[0m  [1m[34mSELECT  "ar_internal_metadata".* FROM "ar_internal_metadata" WHERE "ar_internal_metadata"."key" = $1 LIMIT $2[0m  [["key", "environment"], ["LIMIT", 1]]
  ↳ bin/rails:9
  [1m[35m (0.2ms)[0m  [1m[35mBEGIN[0m
  ↳ bin/rails:9
  [1m[35m (0.1ms)[0m  [1m[35mCOMMIT[0m
  ↳ bin/rails:9
  [1m[35m (0.2ms)[0m  [1m[34mSELECT pg_advisory_unlock(7086261101010128625)[0m
  ↳ bin/rails:9
  [1m[35m (0.2ms)[0m  [1m[34mSELECT "schema_migrations"."version" FROM "schema_migrations" ORDER BY "schema_migrations"."version" ASC[0m
  ↳ bin/rails:9
Started GET "/" for ::1 at 2019-03-25 18:42:29 -0400
  [1m[35m (0.7ms)[0m  [1m[34mSELECT "schema_migrations"."version" FROM "schema_migrations" ORDER BY "schema_migrations"."version" ASC[0m
  ↳ /Users/webdevstarjus730/.rvm/rubies/ruby-2.5.0/lib/ruby/gems/2.5.0/gems/sprockets-rails-3.2.1/lib/sprockets/rails/quiet_assets.rb:13
Processing by StaticPagesController#home as HTML
  Rendering static_pages/home.html.erb within layouts/application
  Rendered static_pages/home.html.erb within layouts/application (1.5ms)
Completed 200 OK in 372ms (Views: 347.9ms | ActiveRecord: 0.0ms)


Started GET "/users/sign_in" for ::1 at 2019-03-25 18:42:31 -0400
Processing by Devise::SessionsController#new as HTML
  Rendering /Users/webdevstarjus730/.rvm/gems/ruby-2.5.0@stripetest/gems/devise-4.6.1/app/views/devise/sessions/new.html.erb within layouts/application
  Rendered /Users/webdevstarjus730/.rvm/gems/ruby-2.5.0@stripetest/gems/devise-4.6.1/app/views/devise/shared/_links.html.erb (1.4ms)
  Rendered /Users/webdevstarjus730/.rvm/gems/ruby-2.5.0@stripetest/gems/devise-4.6.1/app/views/devise/sessions/new.html.erb within layouts/application (265.5ms)
Completed 200 OK in 347ms (Views: 292.9ms | ActiveRecord: 5.0ms)


Started GET "/users/sign_up" for ::1 at 2019-03-25 18:42:51 -0400
Processing by Devise::RegistrationsController#new as HTML
  Rendering /Users/webdevstarjus730/.rvm/gems/ruby-2.5.0@stripetest/gems/devise-4.6.1/app/views/devise/registrations/new.html.erb within layouts/application
  Rendered /Users/webdevstarjus730/.rvm/gems/ruby-2.5.0@stripetest/gems/devise-4.6.1/app/views/devise/shared/_error_messages.html.erb (0.6ms)
  Rendered /Users/webdevstarjus730/.rvm/gems/ruby-2.5.0@stripetest/gems/devise-4.6.1/app/views/devise/shared/_links.html.erb (2.7ms)
  Rendered /Users/webdevstarjus730/.rvm/gems/ruby-2.5.0@stripetest/gems/devise-4.6.1/app/views/devise/registrations/new.html.erb within layouts/application (38.9ms)
Completed 200 OK in 84ms (Views: 81.6ms | ActiveRecord: 0.0ms)


Started GET "/users/sign_up" for ::1 at 2019-03-25 18:49:59 -0400
Processing by Devise::RegistrationsController#new as HTML
  Rendering /Users/webdevstarjus730/.rvm/gems/ruby-2.5.0@stripetest/gems/devise-4.6.1/app/views/devise/registrations/new.html.erb within layouts/application
  Rendered /Users/webdevstarjus730/.rvm/gems/ruby-2.5.0@stripetest/gems/devise-4.6.1/app/views/devise/shared/_error_messages.html.erb (1.8ms)
  Rendered /Users/webdevstarjus730/.rvm/gems/ruby-2.5.0@stripetest/gems/devise-4.6.1/app/views/devise/shared/_links.html.erb (2.5ms)
  Rendered /Users/webdevstarjus730/.rvm/gems/ruby-2.5.0@stripetest/gems/devise-4.6.1/app/views/devise/registrations/new.html.erb within layouts/application (37.1ms)
Completed 200 OK in 150ms (Views: 148.6ms | ActiveRecord: 0.0ms)


Started GET "/users/sign_up" for ::1 at 2019-03-25 18:50:01 -0400
Processing by Devise::RegistrationsController#new as HTML
  Rendering /Users/webdevstarjus730/.rvm/gems/ruby-2.5.0@stripetest/gems/devise-4.6.1/app/views/devise/registrations/new.html.erb within layouts/application
  Rendered /Users/webdevstarjus730/.rvm/gems/ruby-2.5.0@stripetest/gems/devise-4.6.1/app/views/devise/shared/_error_messages.html.erb (0.6ms)
  Rendered /Users/webdevstarjus730/.rvm/gems/ruby-2.5.0@stripetest/gems/devise-4.6.1/app/views/devise/shared/_links.html.erb (1.1ms)
  Rendered /Users/webdevstarjus730/.rvm/gems/ruby-2.5.0@stripetest/gems/devise-4.6.1/app/views/devise/registrations/new.html.erb within layouts/application (17.0ms)
Completed 200 OK in 51ms (Views: 50.4ms | ActiveRecord: 0.0ms)


Started POST "/users" for ::1 at 2019-03-25 18:50:19 -0400
Processing by Devise::RegistrationsController#create as HTML
  Parameters: {"utf8"=>"✓", "authenticity_token"=>"Olxl2745FTKE3DQwr5VVYWQaAdWTCa1do4+mq5Hil2uPM39oGb/BPLSSnKTwl2iAOwZGJyUkJQ0lz+1PMwARCw==", "user"=>{"email"=>"tamazlomaia000@gmail.com", "password"=>"[FILTERED]", "password_confirmation"=>"[FILTERED]"}, "commit"=>"Sign up"}
  [1m[35m (0.2ms)[0m  [1m[35mBEGIN[0m
  ↳ /Users/webdevstarjus730/.rvm/rubies/ruby-2.5.0/lib/ruby/gems/2.5.0/gems/rack-2.0.6/lib/rack/tempfile_reaper.rb:15
  [1m[36mUser Exists (92.4ms)[0m  [1m[34mSELECT  1 AS one FROM "users" WHERE "users"."email" = $1 LIMIT $2[0m  [["email", "tamazlomaia000@gmail.com"], ["LIMIT", 1]]
  ↳ /Users/webdevstarjus730/.rvm/rubies/ruby-2.5.0/lib/ruby/gems/2.5.0/gems/rack-2.0.6/lib/rack/tempfile_reaper.rb:15
  [1m[36mUser Create (38.1ms)[0m  [1m[32mINSERT INTO "users" ("email", "encrypted_password", "confirmation_token", "confirmation_sent_at", "created_at", "updated_at") VALUES ($1, $2, $3, $4, $5, $6) RETURNING "id"[0m  [["email", "tamazlomaia000@gmail.com"], ["encrypted_password", "$2a$11$fM0Ol4p/Q.lIxdKWvWPnHeuexOpQRTGzposid1ULvK0PtyQ3Kmdwa"], ["confirmation_token", "wPxRyMhqf8xzBAKzPxK1"], ["confirmation_sent_at", "2019-03-25 22:50:20.106792"], ["created_at", "2019-03-25 22:50:20.106542"], ["updated_at", "2019-03-25 22:50:20.106542"]]
  ↳ /Users/webdevstarjus730/.rvm/rubies/ruby-2.5.0/lib/ruby/gems/2.5.0/gems/rack-2.0.6/lib/rack/tempfile_reaper.rb:15
  [1m[35m (14.2ms)[0m  [1m[35mCOMMIT[0m
  ↳ /Users/webdevstarjus730/.rvm/rubies/ruby-2.5.0/lib/ruby/gems/2.5.0/gems/rack-2.0.6/lib/rack/tempfile_reaper.rb:15
  Rendering /Users/webdevstarjus730/.rvm/gems/ruby-2.5.0@stripetest/gems/devise-4.6.1/app/views/devise/mailer/confirmation_instructions.html.erb
  Rendered /Users/webdevstarjus730/.rvm/gems/ruby-2.5.0@stripetest/gems/devise-4.6.1/app/views/devise/mailer/confirmation_instructions.html.erb (1.2ms)
Devise::Mailer#confirmation_instructions: processed outbound mail in 818.4ms
Sent mail to tamazlomaia000@gmail.com (3034.1ms)
Date: Mon, 25 Mar 2019 18:50:21 -0400
From: tamazlomaia000@gmail.com
Reply-To: tamazlomaia000@gmail.com
To: tamazlomaia000@gmail.com
Message-ID: <5c995b2dccc66_6fde3ff6a9f7b98c816bb@webdevstarjus730s-Mac-mini.local.mail>
Subject: Confirmation instructions
Mime-Version: 1.0
Content-Type: text/html;
 charset=UTF-8
Content-Transfer-Encoding: 7bit

<p>Welcome tamazlomaia000@gmail.com!</p>

<p>You can confirm your account email through the link below:</p>

<p><a href="http://localhost:3000/users/confirmation?confirmation_token=wPxRyMhqf8xzBAKzPxK1">Confirm my account</a></p>

Redirected to http://localhost:3000/
Completed 302 Found in 5070ms (ActiveRecord: 144.9ms)


Started GET "/" for ::1 at 2019-03-25 18:50:24 -0400
Processing by StaticPagesController#home as HTML
  Rendering static_pages/home.html.erb within layouts/application
  Rendered static_pages/home.html.erb within layouts/application (0.3ms)
Completed 200 OK in 39ms (Views: 28.9ms | ActiveRecord: 0.0ms)


Started GET "/users/sign_in" for ::1 at 2019-03-25 18:54:18 -0400
Processing by Devise::SessionsController#new as HTML
  Rendering /Users/webdevstarjus730/.rvm/gems/ruby-2.5.0@stripetest/gems/devise-4.6.1/app/views/devise/sessions/new.html.erb within layouts/application
  Rendered /Users/webdevstarjus730/.rvm/gems/ruby-2.5.0@stripetest/gems/devise-4.6.1/app/views/devise/shared/_links.html.erb (1.2ms)
  Rendered /Users/webdevstarjus730/.rvm/gems/ruby-2.5.0@stripetest/gems/devise-4.6.1/app/views/devise/sessions/new.html.erb within layouts/application (37.8ms)
Completed 200 OK in 204ms (Views: 202.9ms | ActiveRecord: 0.0ms)


Started POST "/users/sign_in" for ::1 at 2019-03-25 18:54:28 -0400
Processing by Devise::SessionsController#create as HTML
  Parameters: {"utf8"=>"✓", "authenticity_token"=>"PRgUfQuW7ee6rLvyzcXxJ0HOnu14XxubtJop+Zob+CXZH1szb/r9l1obdSEJM2RO91Dh4ovQcYhCKWg+ObJx6A==", "user"=>{"email"=>"tamazlomaia000@gmail.com", "password"=>"[FILTERED]", "remember_me"=>"0"}, "commit"=>"Log in"}
  [1m[36mUser Load (1.4ms)[0m  [1m[34mSELECT  "users".* FROM "users" WHERE "users"."email" = $1 ORDER BY "users"."id" ASC LIMIT $2[0m  [["email", "tamazlomaia000@gmail.com"], ["LIMIT", 1]]
  ↳ /Users/webdevstarjus730/.rvm/rubies/ruby-2.5.0/lib/ruby/gems/2.5.0/gems/rack-2.0.6/lib/rack/tempfile_reaper.rb:15
  [1m[35m (0.2ms)[0m  [1m[35mBEGIN[0m
  ↳ /Users/webdevstarjus730/.rvm/rubies/ruby-2.5.0/lib/ruby/gems/2.5.0/gems/rack-2.0.6/lib/rack/tempfile_reaper.rb:15
  [1m[35m (0.1ms)[0m  [1m[35mCOMMIT[0m
  ↳ /Users/webdevstarjus730/.rvm/rubies/ruby-2.5.0/lib/ruby/gems/2.5.0/gems/rack-2.0.6/lib/rack/tempfile_reaper.rb:15
Completed 401 Unauthorized in 333ms (ActiveRecord: 6.2ms)


Started GET "/users/sign_in" for ::1 at 2019-03-25 18:54:29 -0400
Processing by Devise::SessionsController#new as HTML
  Rendering /Users/webdevstarjus730/.rvm/gems/ruby-2.5.0@stripetest/gems/devise-4.6.1/app/views/devise/sessions/new.html.erb within layouts/application
  Rendered /Users/webdevstarjus730/.rvm/gems/ruby-2.5.0@stripetest/gems/devise-4.6.1/app/views/devise/shared/_links.html.erb (3.1ms)
  Rendered /Users/webdevstarjus730/.rvm/gems/ruby-2.5.0@stripetest/gems/devise-4.6.1/app/views/devise/sessions/new.html.erb within layouts/application (12.6ms)
Completed 200 OK in 61ms (Views: 59.3ms | ActiveRecord: 0.0ms)


Started GET "/users/sign_in" for ::1 at 2019-03-25 18:58:30 -0400
Processing by Devise::SessionsController#new as HTML
  Rendering /Users/webdevstarjus730/.rvm/gems/ruby-2.5.0@stripetest/gems/devise-4.6.1/app/views/devise/sessions/new.html.erb within layouts/application
  Rendered /Users/webdevstarjus730/.rvm/gems/ruby-2.5.0@stripetest/gems/devise-4.6.1/app/views/devise/shared/_links.html.erb (1.5ms)
  Rendered /Users/webdevstarjus730/.rvm/gems/ruby-2.5.0@stripetest/gems/devise-4.6.1/app/views/devise/sessions/new.html.erb within layouts/application (27.9ms)
Completed 200 OK in 155ms (Views: 153.6ms | ActiveRecord: 0.0ms)


